# JRE version: OpenJDK Runtime Environment (8.0_202-b03) (build 1.8.0_202-release-1483-b03)
# Java VM: OpenJDK 64-Bit Server VM (25.202-b03 mixed mode windows-amd64 compressed oops)
Heap:
 PSYoungGen      total 391168K, used 57166K [0x00000000e0000000, 0x00000000fbd80000, 0x0000000100000000)
  eden space 348672K, 4% used [0x00000000e0000000,0x00000000e0e59290,0x00000000f5480000)
  from space 42496K, 99% used [0x00000000f8680000,0x00000000faffa710,0x00000000fb000000)
  to   space 51200K, 0% used [0x00000000f5480000,0x00000000f5480000,0x00000000f8680000)
 ParOldGen       total 91136K, used 66945K [0x00000000a0000000, 0x00000000a5900000, 0x00000000e0000000)
  object space 91136K, 73% used [0x00000000a0000000,0x00000000a41605b0,0x00000000a5900000)
 Metaspace       used 122866K, capacity 128256K, committed 128344K, reserved 1161216K
  class space    used 15873K, capacity 17015K, committed 17024K, reserved 1048576K
GC Heap History (10 events):
Event: 1025.229 GC heap before
{Heap before GC invocations=28 (full 3):
 PSYoungGen      total 281600K, used 36965K [0x00000000e0000000, 0x00000000f3f80000, 0x0000000100000000)
  eden space 243200K, 5% used [0x00000000e0000000,0x00000000e0dbebf8,0x00000000eed80000)
  from space 38400K, 59% used [0x00000000f1a00000,0x00000000f305a9e0,0x00000000f3f80000)
  to   space 41984K, 0% used [0x00000000eed80000,0x00000000eed80000,0x00000000f1680000)
 ParOldGen       total 91136K, used 70587K [0x00000000a0000000, 0x00000000a5900000, 0x00000000e0000000)
  object space 91136K, 77% used [0x00000000a0000000,0x00000000a44eec30,0x00000000a5900000)
 Metaspace       used 94339K, capacity 98202K, committed 98380K, reserved 1134592K
  class space    used 12097K, capacity 12959K, committed 13056K, reserved 1048576K
Event: 1025.826 GC heap after
Heap after GC invocations=28 (full 3):
 PSYoungGen      total 285184K, used 15456K [0x00000000e0000000, 0x00000000f7100000, 0x0000000100000000)
  eden space 243200K, 0% used [0x00000000e0000000,0x00000000e0000000,0x00000000eed80000)
  from space 41984K, 36% used [0x00000000eed80000,0x00000000efc98240,0x00000000f1680000)
  to   space 39936K, 0% used [0x00000000f4a00000,0x00000000f4a00000,0x00000000f7100000)
 ParOldGen       total 91136K, used 70595K [0x00000000a0000000, 0x00000000a5900000, 0x00000000e0000000)
  object space 91136K, 77% used [0x00000000a0000000,0x00000000a44f0c30,0x00000000a5900000)
 Metaspace       used 94339K, capacity 98202K, committed 98380K, reserved 1134592K
  class space    used 12097K, capacity 12959K, committed 13056K, reserved 1048576K
}
Event: 1025.826 GC heap before
{Heap before GC invocations=29 (full 4):
 PSYoungGen      total 285184K, used 15456K [0x00000000e0000000, 0x00000000f7100000, 0x0000000100000000)
  eden space 243200K, 0% used [0x00000000e0000000,0x00000000e0000000,0x00000000eed80000)
  from space 41984K, 36% used [0x00000000eed80000,0x00000000efc98240,0x00000000f1680000)
  to   space 39936K, 0% used [0x00000000f4a00000,0x00000000f4a00000,0x00000000f7100000)
 ParOldGen       total 91136K, used 70595K [0x00000000a0000000, 0x00000000a5900000, 0x00000000e0000000)
  object space 91136K, 77% used [0x00000000a0000000,0x00000000a44f0c30,0x00000000a5900000)
 Metaspace       used 94339K, capacity 98202K, committed 98380K, reserved 1134592K
  class space    used 12097K, capacity 12959K, committed 13056K, reserved 1048576K
Event: 1033.723 GC heap after
Heap after GC invocations=29 (full 4):
 PSYoungGen      total 285184K, used 0K [0x00000000e0000000, 0x00000000f7100000, 0x0000000100000000)
  eden space 243200K, 0% used [0x00000000e0000000,0x00000000e0000000,0x00000000eed80000)
  from space 41984K, 0% used [0x00000000eed80000,0x00000000eed80000,0x00000000f1680000)
  to   space 39936K, 0% used [0x00000000f4a00000,0x00000000f4a00000,0x00000000f7100000)
 ParOldGen       total 91136K, used 59877K [0x00000000a0000000, 0x00000000a5900000, 0x00000000e0000000)
  object space 91136K, 65% used [0x00000000a0000000,0x00000000a3a79538,0x00000000a5900000)
 Metaspace       used 94242K, capacity 97928K, committed 98380K, reserved 1134592K
  class space    used 12066K, capacity 12904K, committed 13056K, reserved 1048576K
}
Event: 1049.484 GC heap before
{Heap before GC invocations=30 (full 4):
 PSYoungGen      total 285184K, used 243200K [0x00000000e0000000, 0x00000000f7100000, 0x0000000100000000)
  eden space 243200K, 100% used [0x00000000e0000000,0x00000000eed80000,0x00000000eed80000)
  from space 41984K, 0% used [0x00000000eed80000,0x00000000eed80000,0x00000000f1680000)
  to   space 39936K, 0% used [0x00000000f4a00000,0x00000000f4a00000,0x00000000f7100000)
 ParOldGen       total 91136K, used 59877K [0x00000000a0000000, 0x00000000a5900000, 0x00000000e0000000)
  object space 91136K, 65% used [0x00000000a0000000,0x00000000a3a79538,0x00000000a5900000)
 Metaspace       used 104790K, capacity 109222K, committed 109528K, reserved 1144832K
  class space    used 13537K, capacity 14508K, committed 14592K, reserved 1048576K
Event: 1049.528 GC heap after
Heap after GC invocations=30 (full 4):
 PSYoungGen      total 336896K, used 25976K [0x00000000e0000000, 0x00000000f7280000, 0x0000000100000000)
  eden space 296960K, 0% used [0x00000000e0000000,0x00000000e0000000,0x00000000f2200000)
  from space 39936K, 65% used [0x00000000f4a00000,0x00000000f635e180,0x00000000f7100000)
  to   space 40960K, 0% used [0x00000000f2200000,0x00000000f2200000,0x00000000f4a00000)
 ParOldGen       total 91136K, used 59885K [0x00000000a0000000, 0x00000000a5900000, 0x00000000e0000000)
  object space 91136K, 65% used [0x00000000a0000000,0x00000000a3a7b538,0x00000000a5900000)
 Metaspace       used 104790K, capacity 109222K, committed 109528K, reserved 1144832K
  class space    used 13537K, capacity 14508K, committed 14592K, reserved 1048576K
}
Event: 1275.962 GC heap before
{Heap before GC invocations=31 (full 4):
 PSYoungGen      total 336896K, used 322933K [0x00000000e0000000, 0x00000000f7280000, 0x0000000100000000)
  eden space 296960K, 99% used [0x00000000e0000000,0x00000000f21ff670,0x00000000f2200000)
  from space 39936K, 65% used [0x00000000f4a00000,0x00000000f635e180,0x00000000f7100000)
  to   space 40960K, 0% used [0x00000000f2200000,0x00000000f2200000,0x00000000f4a00000)
 ParOldGen       total 91136K, used 59885K [0x00000000a0000000, 0x00000000a5900000, 0x00000000e0000000)
  object space 91136K, 65% used [0x00000000a0000000,0x00000000a3a7b538,0x00000000a5900000)
 Metaspace       used 110716K, capacity 115366K, committed 115544K, reserved 1148928K
  class space    used 14093K, capacity 15114K, committed 15232K, reserved 1048576K
Event: 1276.046 GC heap after
Heap after GC invocations=31 (full 4):
 PSYoungGen      total 337920K, used 28724K [0x00000000e0000000, 0x00000000fb000000, 0x0000000100000000)
  eden space 296960K, 0% used [0x00000000e0000000,0x00000000e0000000,0x00000000f2200000)
  from space 40960K, 70% used [0x00000000f2200000,0x00000000f3e0d020,0x00000000f4a00000)
  to   space 42496K, 0% used [0x00000000f8680000,0x00000000f8680000,0x00000000fb000000)
 ParOldGen       total 91136K, used 59893K [0x00000000a0000000, 0x00000000a5900000, 0x00000000e0000000)
  object space 91136K, 65% used [0x00000000a0000000,0x00000000a3a7d538,0x00000000a5900000)
 Metaspace       used 110716K, capacity 115366K, committed 115544K, reserved 1148928K
  class space    used 14093K, capacity 15114K, committed 15232K, reserved 1048576K
}
Event: 1363.475 GC heap before
{Heap before GC invocations=32 (full 4):
 PSYoungGen      total 337920K, used 325684K [0x00000000e0000000, 0x00000000fb000000, 0x0000000100000000)
  eden space 296960K, 100% used [0x00000000e0000000,0x00000000f2200000,0x00000000f2200000)
  from space 40960K, 70% used [0x00000000f2200000,0x00000000f3e0d020,0x00000000f4a00000)
  to   space 42496K, 0% used [0x00000000f8680000,0x00000000f8680000,0x00000000fb000000)
 ParOldGen       total 91136K, used 59893K [0x00000000a0000000, 0x00000000a5900000, 0x00000000e0000000)
  object space 91136K, 65% used [0x00000000a0000000,0x00000000a3a7d538,0x00000000a5900000)
 Metaspace       used 121958K, capacity 127208K, committed 127448K, reserved 1159168K
  class space    used 15683K, capacity 16817K, committed 16896K, reserved 1048576K
Event: 1365.433 GC heap after
Heap after GC invocations=32 (full 4):
 PSYoungGen      total 391168K, used 42473K [0x00000000e0000000, 0x00000000fbd80000, 0x0000000100000000)
  eden space 348672K, 0% used [0x00000000e0000000,0x00000000e0000000,0x00000000f5480000)
  from space 42496K, 99% used [0x00000000f8680000,0x00000000faffa710,0x00000000fb000000)
  to   space 51200K, 0% used [0x00000000f5480000,0x00000000f5480000,0x00000000f8680000)
 ParOldGen       total 91136K, used 66945K [0x00000000a0000000, 0x00000000a5900000, 0x00000000e0000000)
  object space 91136K, 73% used [0x00000000a0000000,0x00000000a41605b0,0x00000000a5900000)
 Metaspace       used 121958K, capacity 127208K, committed 127448K, reserved 1159168K
  class space    used 15683K, capacity 16817K, committed 16896K, reserved 1048576K
}

